<?xml version="1.0" encoding="UTF-8"?>
<coverage generated="1593712402">
  <project timestamp="1593712402">
    <package name="Andali\Companies\Actions">
      <file name="/Users/ciungulete/code/packages/andalisolutions/laravel-companies/src/Actions/AcceptCompanyInvitationAction.php">
        <class name="Andali\Companies\Actions\AcceptCompanyInvitationAction" namespace="Andali\Companies\Actions">
          <metrics complexity="3" methods="2" coveredmethods="2" conditionals="0" coveredconditionals="0" statements="11" coveredstatements="11" elements="13" coveredelements="13"/>
        </class>
        <line num="15" type="method" name="__construct" visibility="public" complexity="1" crap="1" count="2"/>
        <line num="17" type="stmt" count="2"/>
        <line num="18" type="stmt" count="2"/>
        <line num="20" type="method" name="execute" visibility="public" complexity="2" crap="2" count="2"/>
        <line num="22" type="stmt" count="2"/>
        <line num="24" type="stmt" count="2"/>
        <line num="25" type="stmt" count="1"/>
        <line num="28" type="stmt" count="1"/>
        <line num="29" type="stmt" count="1"/>
        <line num="30" type="stmt" count="1"/>
        <line num="31" type="stmt" count="1"/>
        <line num="34" type="stmt" count="1"/>
        <line num="35" type="stmt" count="1"/>
        <metrics loc="36" ncloc="36" classes="1" methods="2" coveredmethods="2" conditionals="0" coveredconditionals="0" statements="11" coveredstatements="11" elements="13" coveredelements="13"/>
      </file>
      <file name="/Users/ciungulete/code/packages/andalisolutions/laravel-companies/src/Actions/DeclineCompanyInvitationAction.php">
        <class name="Andali\Companies\Actions\DeclineCompanyInvitationAction" namespace="Andali\Companies\Actions">
          <metrics complexity="3" methods="2" coveredmethods="2" conditionals="0" coveredconditionals="0" statements="7" coveredstatements="7" elements="9" coveredelements="9"/>
        </class>
        <line num="15" type="method" name="__construct" visibility="public" complexity="1" crap="1" count="2"/>
        <line num="17" type="stmt" count="2"/>
        <line num="18" type="stmt" count="2"/>
        <line num="20" type="method" name="execute" visibility="public" complexity="2" crap="2" count="2"/>
        <line num="22" type="stmt" count="2"/>
        <line num="24" type="stmt" count="2"/>
        <line num="25" type="stmt" count="1"/>
        <line num="28" type="stmt" count="1"/>
        <line num="29" type="stmt" count="1"/>
        <metrics loc="30" ncloc="30" classes="1" methods="2" coveredmethods="2" conditionals="0" coveredconditionals="0" statements="7" coveredstatements="7" elements="9" coveredelements="9"/>
      </file>
      <file name="/Users/ciungulete/code/packages/andalisolutions/laravel-companies/src/Actions/InviteCompanyMemberAction.php">
        <class name="Andali\Companies\Actions\InviteCompanyMemberAction" namespace="Andali\Companies\Actions">
          <metrics complexity="10" methods="5" coveredmethods="5" conditionals="0" coveredconditionals="0" statements="23" coveredstatements="23" elements="28" coveredelements="28"/>
        </class>
        <line num="20" type="method" name="__construct" visibility="public" complexity="1" crap="1" count="4"/>
        <line num="22" type="stmt" count="4"/>
        <line num="23" type="stmt" count="4"/>
        <line num="25" type="method" name="execute" visibility="public" complexity="5" crap="5" count="4"/>
        <line num="27" type="stmt" count="4"/>
        <line num="28" type="stmt" count="1"/>
        <line num="31" type="stmt" count="3"/>
        <line num="32" type="stmt" count="1"/>
        <line num="35" type="stmt" count="2"/>
        <line num="37" type="stmt" count="2"/>
        <line num="38" type="stmt" count="2"/>
        <line num="39" type="stmt" count="2"/>
        <line num="40" type="stmt" count="2"/>
        <line num="41" type="stmt" count="2"/>
        <line num="42" type="stmt" count="2"/>
        <line num="43" type="stmt" count="2"/>
        <line num="46" type="stmt" count="2"/>
        <line num="48" type="stmt" count="2"/>
        <line num="49" type="stmt" count="1"/>
        <line num="51" type="stmt" count="1"/>
        <line num="53" type="stmt" count="2"/>
        <line num="55" type="method" name="emailAlreadyOnCompany" visibility="private" complexity="1" crap="1" count="4"/>
        <line num="57" type="stmt" count="4"/>
        <line num="60" type="method" name="emailAlreadyInvited" visibility="private" complexity="1" crap="1" count="3"/>
        <line num="62" type="stmt" count="3"/>
        <line num="65" type="method" name="findInvitedUser" visibility="private" complexity="2" crap="2" count="2"/>
        <line num="67" type="stmt" count="2"/>
        <line num="69" type="stmt" count="2"/>
        <metrics loc="71" ncloc="71" classes="1" methods="5" coveredmethods="5" conditionals="0" coveredconditionals="0" statements="23" coveredstatements="23" elements="28" coveredelements="28"/>
      </file>
      <file name="/Users/ciungulete/code/packages/andalisolutions/laravel-companies/src/Actions/RemoveCompanyMemberAction.php">
        <class name="Andali\Companies\Actions\RemoveCompanyMemberAction" namespace="Andali\Companies\Actions">
          <metrics complexity="5" methods="3" coveredmethods="3" conditionals="0" coveredconditionals="0" statements="8" coveredstatements="8" elements="11" coveredelements="11"/>
        </class>
        <line num="16" type="method" name="__construct" visibility="public" complexity="1" crap="1" count="2"/>
        <line num="18" type="stmt" count="2"/>
        <line num="19" type="stmt" count="2"/>
        <line num="21" type="method" name="execute" visibility="public" complexity="2" crap="2" count="2"/>
        <line num="23" type="stmt" count="2"/>
        <line num="24" type="stmt" count="1"/>
        <line num="27" type="stmt" count="1"/>
        <line num="28" type="stmt" count="1"/>
        <line num="30" type="method" name="isOwner" visibility="private" complexity="2" crap="2" count="2"/>
        <line num="32" type="stmt" count="2"/>
        <line num="34" type="stmt" count="2"/>
        <metrics loc="36" ncloc="36" classes="1" methods="3" coveredmethods="3" conditionals="0" coveredconditionals="0" statements="8" coveredstatements="8" elements="11" coveredelements="11"/>
      </file>
      <file name="/Users/ciungulete/code/packages/andalisolutions/laravel-companies/src/Actions/UpdateCompanyMemberAction.php">
        <class name="Andali\Companies\Actions\UpdateCompanyMemberAction" namespace="Andali\Companies\Actions">
          <metrics complexity="2" methods="2" coveredmethods="2" conditionals="0" coveredconditionals="0" statements="4" coveredstatements="4" elements="6" coveredelements="6"/>
        </class>
        <line num="14" type="method" name="__construct" visibility="public" complexity="1" crap="1" count="1"/>
        <line num="16" type="stmt" count="1"/>
        <line num="17" type="stmt" count="1"/>
        <line num="19" type="method" name="execute" visibility="public" complexity="1" crap="1" count="1"/>
        <line num="21" type="stmt" count="1"/>
        <line num="22" type="stmt" count="1"/>
        <metrics loc="23" ncloc="23" classes="1" methods="2" coveredmethods="2" conditionals="0" coveredconditionals="0" statements="4" coveredstatements="4" elements="6" coveredelements="6"/>
      </file>
    </package>
    <package name="Andali\Skeleton\Commands">
      <file name="/Users/ciungulete/code/packages/andalisolutions/laravel-companies/src/Commands/SkeletonCommand.php">
        <class name="Andali\Skeleton\Commands\SkeletonCommand" namespace="Andali\Skeleton\Commands">
          <metrics complexity="1" methods="1" coveredmethods="0" conditionals="0" coveredconditionals="0" statements="3" coveredstatements="0" elements="4" coveredelements="0"/>
        </class>
        <line num="13" type="method" name="handle" visibility="public" complexity="1" crap="2" count="0"/>
        <line num="14" type="stmt" count="0"/>
        <line num="15" type="stmt" count="0"/>
        <line num="16" type="stmt" count="0"/>
        <metrics loc="17" ncloc="17" classes="1" methods="1" coveredmethods="0" conditionals="0" coveredconditionals="0" statements="3" coveredstatements="0" elements="4" coveredelements="0"/>
      </file>
    </package>
    <package name="Andali\Companies\Concerns">
      <file name="/Users/ciungulete/code/packages/andalisolutions/laravel-companies/src/Concerns/HasCompanies.php">
        <class name="Andali\Companies\Concerns\HasCompanies" namespace="Andali\Companies\Concerns">
          <metrics complexity="28" methods="14" coveredmethods="14" conditionals="0" coveredconditionals="0" statements="43" coveredstatements="43" elements="57" coveredelements="57"/>
        </class>
        <line num="16" type="method" name="invitations" visibility="public" complexity="1" crap="1" count="1"/>
        <line num="18" type="stmt" count="1"/>
        <line num="21" type="method" name="hasCompanies" visibility="public" complexity="1" crap="1" count="5"/>
        <line num="23" type="stmt" count="5"/>
        <line num="26" type="method" name="companies" visibility="public" complexity="1" crap="1" count="10"/>
        <line num="29" type="stmt" count="10"/>
        <line num="30" type="stmt" count="10"/>
        <line num="31" type="stmt" count="10"/>
        <line num="32" type="stmt" count="10"/>
        <line num="33" type="stmt" count="10"/>
        <line num="35" type="stmt" count="10"/>
        <line num="36" type="stmt" count="10"/>
        <line num="37" type="stmt" count="10"/>
        <line num="40" type="method" name="onCompany" visibility="public" complexity="1" crap="1" count="8"/>
        <line num="42" type="stmt" count="8"/>
        <line num="45" type="method" name="ownsCompany" visibility="public" complexity="3" crap="3" count="1"/>
        <line num="47" type="stmt" count="1"/>
        <line num="50" type="method" name="ownedCompanies" visibility="public" complexity="1" crap="1" count="1"/>
        <line num="52" type="stmt" count="1"/>
        <line num="55" type="method" name="roleOn" visibility="public" complexity="3" crap="3" count="2"/>
        <line num="57" type="stmt" count="2"/>
        <line num="58" type="stmt" count="2"/>
        <line num="61" type="stmt" count="1"/>
        <line num="64" type="method" name="roleOnCurrentCompany" visibility="public" complexity="1" crap="1" count="1"/>
        <line num="66" type="stmt" count="1"/>
        <line num="69" type="method" name="getCurrentCompanyAttribute" visibility="public" complexity="2" crap="2" count="2"/>
        <line num="71" type="stmt" count="2"/>
        <line num="74" type="method" name="currentCompany" visibility="public" complexity="5" crap="5" count="4"/>
        <line num="76" type="stmt" count="4"/>
        <line num="77" type="stmt" count="2"/>
        <line num="80" type="stmt" count="4"/>
        <line num="81" type="stmt" count="4"/>
        <line num="83" type="stmt" count="4"/>
        <line num="86" type="stmt" count="1"/>
        <line num="88" type="stmt" count="1"/>
        <line num="91" type="method" name="ownsCurrentCompany" visibility="public" complexity="3" crap="3" count="1"/>
        <line num="93" type="stmt" count="1"/>
        <line num="95" type="stmt" count="1"/>
        <line num="96" type="stmt" count="1"/>
        <line num="99" type="stmt" count="1"/>
        <line num="101" type="stmt" count="1"/>
        <line num="104" type="method" name="switchToCompany" visibility="public" complexity="2" crap="2" count="5"/>
        <line num="106" type="stmt" count="5"/>
        <line num="107" type="stmt" count="1"/>
        <line num="110" type="stmt" count="4"/>
        <line num="112" type="stmt" count="4"/>
        <line num="113" type="stmt" count="4"/>
        <line num="115" type="method" name="refreshCurrentCompany" visibility="public" complexity="2" crap="2" count="1"/>
        <line num="117" type="stmt" count="1"/>
        <line num="119" type="stmt" count="1"/>
        <line num="121" type="stmt" count="1"/>
        <line num="124" type="method" name="leaveCompany" visibility="public" complexity="2" crap="2" count="2"/>
        <line num="126" type="stmt" count="2"/>
        <line num="127" type="stmt" count="1"/>
        <line num="130" type="stmt" count="1"/>
        <line num="132" type="stmt" count="1"/>
        <line num="133" type="stmt" count="1"/>
        <metrics loc="134" ncloc="134" classes="1" methods="14" coveredmethods="14" conditionals="0" coveredconditionals="0" statements="43" coveredstatements="43" elements="57" coveredelements="57"/>
      </file>
    </package>
    <file name="/Users/ciungulete/code/packages/andalisolutions/laravel-companies/src/Contracts/Company.php">
      <metrics loc="10" ncloc="8" classes="0" methods="0" coveredmethods="0" conditionals="0" coveredconditionals="0" statements="0" coveredstatements="0" elements="0" coveredelements="0"/>
    </file>
    <file name="/Users/ciungulete/code/packages/andalisolutions/laravel-companies/src/Contracts/CompanyInvitation.php">
      <metrics loc="10" ncloc="8" classes="0" methods="0" coveredmethods="0" conditionals="0" coveredconditionals="0" statements="0" coveredstatements="0" elements="0" coveredelements="0"/>
    </file>
    <file name="/Users/ciungulete/code/packages/andalisolutions/laravel-companies/src/Contracts/CompanyMember.php">
      <metrics loc="10" ncloc="8" classes="0" methods="0" coveredmethods="0" conditionals="0" coveredconditionals="0" statements="0" coveredstatements="0" elements="0" coveredelements="0"/>
    </file>
    <package name="Andali\Companies\Events">
      <file name="/Users/ciungulete/code/packages/andalisolutions/laravel-companies/src/Events/CompanyCreated.php">
        <class name="Andali\Companies\Events\CompanyCreated" namespace="Andali\Companies\Events">
          <metrics complexity="1" methods="1" coveredmethods="1" conditionals="0" coveredconditionals="0" statements="2" coveredstatements="2" elements="3" coveredelements="3"/>
        </class>
        <line num="16" type="method" name="__construct" visibility="public" complexity="1" crap="1" count="1"/>
        <line num="18" type="stmt" count="1"/>
        <line num="19" type="stmt" count="1"/>
        <metrics loc="20" ncloc="20" classes="1" methods="1" coveredmethods="1" conditionals="0" coveredconditionals="0" statements="2" coveredstatements="2" elements="3" coveredelements="3"/>
      </file>
      <file name="/Users/ciungulete/code/packages/andalisolutions/laravel-companies/src/Events/CompanyDeleted.php">
        <class name="Andali\Companies\Events\CompanyDeleted" namespace="Andali\Companies\Events">
          <metrics complexity="1" methods="1" coveredmethods="1" conditionals="0" coveredconditionals="0" statements="2" coveredstatements="2" elements="3" coveredelements="3"/>
        </class>
        <line num="16" type="method" name="__construct" visibility="public" complexity="1" crap="1" count="1"/>
        <line num="18" type="stmt" count="1"/>
        <line num="19" type="stmt" count="1"/>
        <metrics loc="20" ncloc="20" classes="1" methods="1" coveredmethods="1" conditionals="0" coveredconditionals="0" statements="2" coveredstatements="2" elements="3" coveredelements="3"/>
      </file>
      <file name="/Users/ciungulete/code/packages/andalisolutions/laravel-companies/src/Events/CompanyMemberCreated.php">
        <class name="Andali\Companies\Events\CompanyMemberCreated" namespace="Andali\Companies\Events">
          <metrics complexity="1" methods="1" coveredmethods="1" conditionals="0" coveredconditionals="0" statements="3" coveredstatements="3" elements="4" coveredelements="4"/>
        </class>
        <line num="19" type="method" name="__construct" visibility="public" complexity="1" crap="1" count="1"/>
        <line num="21" type="stmt" count="1"/>
        <line num="22" type="stmt" count="1"/>
        <line num="23" type="stmt" count="1"/>
        <metrics loc="24" ncloc="24" classes="1" methods="1" coveredmethods="1" conditionals="0" coveredconditionals="0" statements="3" coveredstatements="3" elements="4" coveredelements="4"/>
      </file>
      <file name="/Users/ciungulete/code/packages/andalisolutions/laravel-companies/src/Events/CompanyMemberDeleted.php">
        <class name="Andali\Companies\Events\CompanyMemberDeleted" namespace="Andali\Companies\Events">
          <metrics complexity="1" methods="1" coveredmethods="1" conditionals="0" coveredconditionals="0" statements="3" coveredstatements="3" elements="4" coveredelements="4"/>
        </class>
        <line num="19" type="method" name="__construct" visibility="public" complexity="1" crap="1" count="1"/>
        <line num="21" type="stmt" count="1"/>
        <line num="22" type="stmt" count="1"/>
        <line num="23" type="stmt" count="1"/>
        <metrics loc="24" ncloc="24" classes="1" methods="1" coveredmethods="1" conditionals="0" coveredconditionals="0" statements="3" coveredstatements="3" elements="4" coveredelements="4"/>
      </file>
      <file name="/Users/ciungulete/code/packages/andalisolutions/laravel-companies/src/Events/CompanyMemberLeft.php">
        <class name="Andali\Companies\Events\CompanyMemberLeft" namespace="Andali\Companies\Events">
          <metrics complexity="1" methods="1" coveredmethods="1" conditionals="0" coveredconditionals="0" statements="3" coveredstatements="3" elements="4" coveredelements="4"/>
        </class>
        <line num="19" type="method" name="__construct" visibility="public" complexity="1" crap="1" count="1"/>
        <line num="21" type="stmt" count="1"/>
        <line num="22" type="stmt" count="1"/>
        <line num="23" type="stmt" count="1"/>
        <metrics loc="24" ncloc="24" classes="1" methods="1" coveredmethods="1" conditionals="0" coveredconditionals="0" statements="3" coveredstatements="3" elements="4" coveredelements="4"/>
      </file>
      <file name="/Users/ciungulete/code/packages/andalisolutions/laravel-companies/src/Events/CompanyOwnerCreated.php">
        <class name="Andali\Companies\Events\CompanyOwnerCreated" namespace="Andali\Companies\Events">
          <metrics complexity="1" methods="1" coveredmethods="1" conditionals="0" coveredconditionals="0" statements="3" coveredstatements="3" elements="4" coveredelements="4"/>
        </class>
        <line num="19" type="method" name="__construct" visibility="public" complexity="1" crap="1" count="1"/>
        <line num="21" type="stmt" count="1"/>
        <line num="22" type="stmt" count="1"/>
        <line num="23" type="stmt" count="1"/>
        <metrics loc="24" ncloc="24" classes="1" methods="1" coveredmethods="1" conditionals="0" coveredconditionals="0" statements="3" coveredstatements="3" elements="4" coveredelements="4"/>
      </file>
      <file name="/Users/ciungulete/code/packages/andalisolutions/laravel-companies/src/Events/DeletingCompany.php">
        <class name="Andali\Companies\Events\DeletingCompany" namespace="Andali\Companies\Events">
          <metrics complexity="1" methods="1" coveredmethods="1" conditionals="0" coveredconditionals="0" statements="2" coveredstatements="2" elements="3" coveredelements="3"/>
        </class>
        <line num="16" type="method" name="__construct" visibility="public" complexity="1" crap="1" count="1"/>
        <line num="18" type="stmt" count="1"/>
        <line num="19" type="stmt" count="1"/>
        <metrics loc="20" ncloc="20" classes="1" methods="1" coveredmethods="1" conditionals="0" coveredconditionals="0" statements="2" coveredstatements="2" elements="3" coveredelements="3"/>
      </file>
      <file name="/Users/ciungulete/code/packages/andalisolutions/laravel-companies/src/Events/UserInvitedToCompany.php">
        <class name="Andali\Companies\Events\UserInvitedToCompany" namespace="Andali\Companies\Events">
          <metrics complexity="1" methods="1" coveredmethods="1" conditionals="0" coveredconditionals="0" statements="3" coveredstatements="3" elements="4" coveredelements="4"/>
        </class>
        <line num="19" type="method" name="__construct" visibility="public" complexity="1" crap="1" count="1"/>
        <line num="21" type="stmt" count="1"/>
        <line num="22" type="stmt" count="1"/>
        <line num="23" type="stmt" count="1"/>
        <metrics loc="24" ncloc="24" classes="1" methods="1" coveredmethods="1" conditionals="0" coveredconditionals="0" statements="3" coveredstatements="3" elements="4" coveredelements="4"/>
      </file>
    </package>
    <package name="Andali\Companies\Exceptions">
      <file name="/Users/ciungulete/code/packages/andalisolutions/laravel-companies/src/Exceptions/CompanyException.php">
        <class name="Andali\Companies\Exceptions\CompanyException" namespace="Andali\Companies\Exceptions">
          <metrics complexity="5" methods="5" coveredmethods="5" conditionals="0" coveredconditionals="0" statements="5" coveredstatements="5" elements="10" coveredelements="10"/>
        </class>
        <line num="11" type="method" name="doesNotBelongToCompany" visibility="public" complexity="1" crap="1" count="1"/>
        <line num="13" type="stmt" count="1"/>
        <line num="16" type="method" name="doesNotHaveOwnership" visibility="public" complexity="1" crap="1" count="1"/>
        <line num="18" type="stmt" count="1"/>
        <line num="21" type="method" name="emailAlreadyOnCompany" visibility="public" complexity="1" crap="1" count="1"/>
        <line num="23" type="stmt" count="1"/>
        <line num="26" type="method" name="emailAlreadyInvited" visibility="public" complexity="1" crap="1" count="1"/>
        <line num="28" type="stmt" count="1"/>
        <line num="31" type="method" name="canNotRemoveOwner" visibility="public" complexity="1" crap="1" count="1"/>
        <line num="33" type="stmt" count="1"/>
        <metrics loc="35" ncloc="35" classes="1" methods="5" coveredmethods="5" conditionals="0" coveredconditionals="0" statements="5" coveredstatements="5" elements="10" coveredelements="10"/>
      </file>
      <file name="/Users/ciungulete/code/packages/andalisolutions/laravel-companies/src/Exceptions/CompanyInvitationException.php">
        <class name="Andali\Companies\Exceptions\CompanyInvitationException" namespace="Andali\Companies\Exceptions">
          <metrics complexity="2" methods="2" coveredmethods="2" conditionals="0" coveredconditionals="0" statements="2" coveredstatements="2" elements="4" coveredelements="4"/>
        </class>
        <line num="11" type="method" name="expirationExceeded" visibility="public" complexity="1" crap="1" count="1"/>
        <line num="13" type="stmt" count="1"/>
        <line num="16" type="method" name="attemptedClaimByUnauthorizedUser" visibility="public" complexity="1" crap="1" count="1"/>
        <line num="18" type="stmt" count="1"/>
        <metrics loc="20" ncloc="20" classes="1" methods="2" coveredmethods="2" conditionals="0" coveredconditionals="0" statements="2" coveredstatements="2" elements="4" coveredelements="4"/>
      </file>
    </package>
    <package name="Andali\Companies\Http\Middleware">
      <file name="/Users/ciungulete/code/packages/andalisolutions/laravel-companies/src/Http/Middleware/VerifyUserHasCompany.php">
        <class name="Andali\Companies\Http\Middleware\VerifyUserHasCompany" namespace="Andali\Companies\Http\Middleware">
          <metrics complexity="3" methods="1" coveredmethods="1" conditionals="0" coveredconditionals="0" statements="4" coveredstatements="4" elements="5" coveredelements="5"/>
        </class>
        <line num="9" type="method" name="handle" visibility="public" complexity="3" crap="3" count="2"/>
        <line num="11" type="stmt" count="2"/>
        <line num="13" type="stmt" count="2"/>
        <line num="14" type="stmt" count="1"/>
        <line num="17" type="stmt" count="1"/>
        <metrics loc="19" ncloc="19" classes="1" methods="1" coveredmethods="1" conditionals="0" coveredconditionals="0" statements="4" coveredstatements="4" elements="5" coveredelements="5"/>
      </file>
      <file name="/Users/ciungulete/code/packages/andalisolutions/laravel-companies/src/Http/Middleware/VerifyUserHasOwnership.php">
        <class name="Andali\Companies\Http\Middleware\VerifyUserHasOwnership" namespace="Andali\Companies\Http\Middleware">
          <metrics complexity="2" methods="1" coveredmethods="1" conditionals="0" coveredconditionals="0" statements="3" coveredstatements="3" elements="4" coveredelements="4"/>
        </class>
        <line num="9" type="method" name="handle" visibility="public" complexity="2" crap="2" count="3"/>
        <line num="11" type="stmt" count="3"/>
        <line num="13" type="stmt" count="3"/>
        <line num="15" type="stmt" count="1"/>
        <metrics loc="17" ncloc="17" classes="1" methods="1" coveredmethods="1" conditionals="0" coveredconditionals="0" statements="3" coveredstatements="3" elements="4" coveredelements="4"/>
      </file>
    </package>
    <package name="Andali\Companies\Mail">
      <file name="/Users/ciungulete/code/packages/andalisolutions/laravel-companies/src/Mail/InviteExistingUser.php">
        <class name="Andali\Companies\Mail\InviteExistingUser" namespace="Andali\Companies\Mail">
          <metrics complexity="2" methods="2" coveredmethods="2" conditionals="0" coveredconditionals="0" statements="4" coveredstatements="4" elements="6" coveredelements="6"/>
        </class>
        <line num="19" type="method" name="__construct" visibility="public" complexity="1" crap="1" count="2"/>
        <line num="21" type="stmt" count="2"/>
        <line num="22" type="stmt" count="2"/>
        <line num="24" type="method" name="build" visibility="public" complexity="1" crap="1" count="1"/>
        <line num="27" type="stmt" count="1"/>
        <line num="28" type="stmt" count="1"/>
        <metrics loc="30" ncloc="30" classes="1" methods="2" coveredmethods="2" conditionals="0" coveredconditionals="0" statements="4" coveredstatements="4" elements="6" coveredelements="6"/>
      </file>
      <file name="/Users/ciungulete/code/packages/andalisolutions/laravel-companies/src/Mail/InviteNewUser.php">
        <class name="Andali\Companies\Mail\InviteNewUser" namespace="Andali\Companies\Mail">
          <metrics complexity="2" methods="2" coveredmethods="2" conditionals="0" coveredconditionals="0" statements="4" coveredstatements="4" elements="6" coveredelements="6"/>
        </class>
        <line num="19" type="method" name="__construct" visibility="public" complexity="1" crap="1" count="2"/>
        <line num="21" type="stmt" count="2"/>
        <line num="22" type="stmt" count="2"/>
        <line num="24" type="method" name="build" visibility="public" complexity="1" crap="1" count="1"/>
        <line num="27" type="stmt" count="1"/>
        <line num="28" type="stmt" count="1"/>
        <metrics loc="30" ncloc="30" classes="1" methods="2" coveredmethods="2" conditionals="0" coveredconditionals="0" statements="4" coveredstatements="4" elements="6" coveredelements="6"/>
      </file>
    </package>
    <package name="Andali\Companies\Models">
      <file name="/Users/ciungulete/code/packages/andalisolutions/laravel-companies/src/Models/Company.php">
        <class name="Andali\Companies\Models\Company" namespace="Andali\Companies\Models">
          <metrics complexity="4" methods="4" coveredmethods="4" conditionals="0" coveredconditionals="0" statements="9" coveredstatements="9" elements="13" coveredelements="13"/>
        </class>
        <line num="35" type="method" name="owner" visibility="public" complexity="1" crap="1" count="1"/>
        <line num="37" type="stmt" count="1"/>
        <line num="40" type="method" name="purge" visibility="public" complexity="1" crap="1" count="1"/>
        <line num="43" type="stmt" count="1"/>
        <line num="44" type="stmt" count="1"/>
        <line num="45" type="stmt" count="1"/>
        <line num="47" type="stmt" count="1"/>
        <line num="49" type="stmt" count="1"/>
        <line num="50" type="stmt" count="1"/>
        <line num="52" type="method" name="getEmailAttribute" visibility="public" complexity="1" crap="1" count="1"/>
        <line num="54" type="stmt" count="1"/>
        <line num="57" type="method" name="getTable" visibility="public" complexity="1" crap="1" count="8"/>
        <line num="59" type="stmt" count="8"/>
        <metrics loc="61" ncloc="61" classes="1" methods="4" coveredmethods="4" conditionals="0" coveredconditionals="0" statements="9" coveredstatements="9" elements="13" coveredelements="13"/>
      </file>
      <file name="/Users/ciungulete/code/packages/andalisolutions/laravel-companies/src/Models/CompanyInvitation.php">
        <class name="Andali\Companies\Models\CompanyInvitation" namespace="Andali\Companies\Models">
          <metrics complexity="6" methods="6" coveredmethods="6" conditionals="0" coveredconditionals="0" statements="6" coveredstatements="6" elements="12" coveredelements="12"/>
        </class>
        <line num="19" type="method" name="company" visibility="public" complexity="1" crap="1" count="1"/>
        <line num="21" type="stmt" count="1"/>
        <line num="24" type="method" name="user" visibility="public" complexity="1" crap="1" count="1"/>
        <line num="26" type="stmt" count="1"/>
        <line num="29" type="method" name="isExpired" visibility="public" complexity="1" crap="1" count="1"/>
        <line num="31" type="stmt" count="1"/>
        <line num="34" type="method" name="findByAcceptToken" visibility="public" complexity="1" crap="1" count="1"/>
        <line num="36" type="stmt" count="1"/>
        <line num="39" type="method" name="findByRejectToken" visibility="public" complexity="1" crap="1" count="1"/>
        <line num="41" type="stmt" count="1"/>
        <line num="44" type="method" name="getTable" visibility="public" complexity="1" crap="1" count="4"/>
        <line num="46" type="stmt" count="4"/>
        <metrics loc="48" ncloc="48" classes="1" methods="6" coveredmethods="6" conditionals="0" coveredconditionals="0" statements="6" coveredstatements="6" elements="12" coveredelements="12"/>
      </file>
      <file name="/Users/ciungulete/code/packages/andalisolutions/laravel-companies/src/Models/CompanyMember.php">
        <class name="Andali\Companies\Models\CompanyMember" namespace="Andali\Companies\Models">
          <metrics complexity="1" methods="1" coveredmethods="1" conditionals="0" coveredconditionals="0" statements="1" coveredstatements="1" elements="2" coveredelements="2"/>
        </class>
        <line num="17" type="method" name="getTable" visibility="public" complexity="1" crap="1" count="1"/>
        <line num="19" type="stmt" count="1"/>
        <metrics loc="21" ncloc="21" classes="1" methods="1" coveredmethods="1" conditionals="0" coveredconditionals="0" statements="1" coveredstatements="1" elements="2" coveredelements="2"/>
      </file>
    </package>
    <package name="Andali\Companies\Models\Concerns">
      <file name="/Users/ciungulete/code/packages/andalisolutions/laravel-companies/src/Models/Concerns/HasInvitations.php">
        <class name="Andali\Companies\Models\Concerns\HasInvitations" namespace="Andali\Companies\Models\Concerns">
          <metrics complexity="2" methods="2" coveredmethods="2" conditionals="0" coveredconditionals="0" statements="2" coveredstatements="2" elements="4" coveredelements="4"/>
        </class>
        <line num="12" type="method" name="invitations" visibility="public" complexity="1" crap="1" count="2"/>
        <line num="14" type="stmt" count="2"/>
        <line num="17" type="method" name="hasPendingInvitation" visibility="public" complexity="1" crap="1" count="1"/>
        <line num="19" type="stmt" count="1"/>
        <metrics loc="21" ncloc="21" classes="1" methods="2" coveredmethods="2" conditionals="0" coveredconditionals="0" statements="2" coveredstatements="2" elements="4" coveredelements="4"/>
      </file>
      <file name="/Users/ciungulete/code/packages/andalisolutions/laravel-companies/src/Models/Concerns/HasMembers.php">
        <class name="Andali\Companies\Models\Concerns\HasMembers" namespace="Andali\Companies\Models\Concerns">
          <metrics complexity="4" methods="3" coveredmethods="3" conditionals="0" coveredconditionals="0" statements="17" coveredstatements="17" elements="20" coveredelements="20"/>
        </class>
        <line num="15" type="method" name="members" visibility="public" complexity="1" crap="1" count="7"/>
        <line num="18" type="stmt" count="7"/>
        <line num="19" type="stmt" count="7"/>
        <line num="20" type="stmt" count="7"/>
        <line num="21" type="stmt" count="7"/>
        <line num="22" type="stmt" count="7"/>
        <line num="24" type="stmt" count="7"/>
        <line num="25" type="stmt" count="7"/>
        <line num="28" type="method" name="addMember" visibility="public" complexity="2" crap="2" count="7"/>
        <line num="30" type="stmt" count="7"/>
        <line num="32" type="stmt" count="7"/>
        <line num="34" type="stmt" count="7"/>
        <line num="36" type="stmt" count="7"/>
        <line num="38" type="stmt" count="7"/>
        <line num="39" type="stmt" count="7"/>
        <line num="41" type="stmt" count="7"/>
        <line num="43" type="method" name="removeMember" visibility="public" complexity="1" crap="1" count="2"/>
        <line num="45" type="stmt" count="2"/>
        <line num="47" type="stmt" count="2"/>
        <line num="48" type="stmt" count="2"/>
        <metrics loc="49" ncloc="49" classes="1" methods="3" coveredmethods="3" conditionals="0" coveredconditionals="0" statements="17" coveredstatements="17" elements="20" coveredelements="20"/>
      </file>
    </package>
    <metrics files="29" loc="908" ncloc="902" classes="26" methods="66" coveredmethods="65" conditionals="0" coveredconditionals="0" statements="177" coveredstatements="174" elements="243" coveredelements="239"/>
  </project>
</coverage>
